0 info it worked if it ends with ok
1 verbose cli [ '/usr/local/bin/node',
1 verbose cli   '/usr/local/bin/npm',
1 verbose cli   'install',
1 verbose cli   '-g',
1 verbose cli   'ionic' ]
2 info using npm@2.11.3
3 info using node@v0.12.7
4 verbose install initial load of /usr/local/lib/package.json
5 verbose readDependencies loading dependencies from /usr/local/lib/package.json
6 silly cache add args [ 'ionic', null ]
7 verbose cache add spec ionic
8 silly cache add parsed spec { raw: 'ionic',
8 silly cache add   scope: null,
8 silly cache add   name: 'ionic',
8 silly cache add   rawSpec: '',
8 silly cache add   spec: '*',
8 silly cache add   type: 'range' }
9 silly addNamed ionic@*
10 verbose addNamed "*" is a valid semver range for ionic
11 silly addNameRange { name: 'ionic', range: '*', hasData: false }
12 silly mapToRegistry name ionic
13 silly mapToRegistry using default registry
14 silly mapToRegistry registry https://registry.npmjs.org/
15 silly mapToRegistry uri https://registry.npmjs.org/ionic
16 verbose addNameRange registry:https://registry.npmjs.org/ionic not in flight; fetching
17 verbose request uri https://registry.npmjs.org/ionic
18 verbose request no auth needed
19 info attempt registry request try #1 at 13:02:38
20 verbose request id b0771d4230eac336
21 verbose etag "67N4ZHNF7NWJ26JQUHHB7HR46"
22 http request GET https://registry.npmjs.org/ionic
23 http 304 https://registry.npmjs.org/ionic
24 silly get cb [ 304,
24 silly get   { date: 'Thu, 04 Feb 2016 12:02:38 GMT',
24 silly get     via: '1.1 varnish',
24 silly get     'cache-control': 'max-age=300',
24 silly get     etag: '"67N4ZHNF7NWJ26JQUHHB7HR46"',
24 silly get     age: '62',
24 silly get     connection: 'keep-alive',
24 silly get     'x-served-by': 'cache-ams4139-AMS',
24 silly get     'x-cache': 'HIT',
24 silly get     'x-cache-hits': '1',
24 silly get     'x-timer': 'S1454587358.604133,VS0,VE2',
24 silly get     vary: 'Accept' } ]
25 verbose etag https://registry.npmjs.org/ionic from cache
26 verbose get saving ionic to /home/augustin/.npm/registry.npmjs.org/ionic/.cache.json
27 silly addNameRange number 2 { name: 'ionic', range: '*', hasData: true }
28 silly addNameRange versions [ 'ionic',
28 silly addNameRange   [ '0.9.6',
28 silly addNameRange     '0.9.8',
28 silly addNameRange     '0.9.9',
28 silly addNameRange     '0.9.10',
28 silly addNameRange     '0.9.11',
28 silly addNameRange     '0.9.12',
28 silly addNameRange     '0.9.13',
28 silly addNameRange     '0.9.14',
28 silly addNameRange     '0.9.15',
28 silly addNameRange     '0.9.16',
28 silly addNameRange     '1.0.0-beta.1',
28 silly addNameRange     '1.0.0-beta',
28 silly addNameRange     '1.0.1-beta',
28 silly addNameRange     '1.0.3-beta',
28 silly addNameRange     '1.0.4',
28 silly addNameRange     '1.0.5',
28 silly addNameRange     '1.0.6',
28 silly addNameRange     '1.0.7',
28 silly addNameRange     '1.0.8',
28 silly addNameRange     '1.0.9',
28 silly addNameRange     '1.0.10',
28 silly addNameRange     '1.0.11',
28 silly addNameRange     '1.0.12',
28 silly addNameRange     '1.0.13',
28 silly addNameRange     '1.0.14',
28 silly addNameRange     '1.0.15',
28 silly addNameRange     '1.0.16',
28 silly addNameRange     '1.0.17',
28 silly addNameRange     '1.1.0-beta1',
28 silly addNameRange     '1.1.0-beta2',
28 silly addNameRange     '1.1.0-beta3',
28 silly addNameRange     '1.1.0-beta4',
28 silly addNameRange     '1.1.0-beta5',
28 silly addNameRange     '1.1.0-beta6',
28 silly addNameRange     '1.1.0',
28 silly addNameRange     '1.1.1-beta1',
28 silly addNameRange     '1.1.1-beta2',
28 silly addNameRange     '1.1.1-beta3',
28 silly addNameRange     '1.1.1',
28 silly addNameRange     '1.1.3',
28 silly addNameRange     '1.1.4',
28 silly addNameRange     '1.1.5-beta1',
28 silly addNameRange     '1.1.5-beta2',
28 silly addNameRange     '1.1.5-beta3',
28 silly addNameRange     '1.1.5-beta4',
28 silly addNameRange     '1.1.5-beta5',
28 silly addNameRange     '1.1.5',
28 silly addNameRange     '1.1.6',
28 silly addNameRange     '1.1.7-beta1',
28 silly addNameRange     '1.1.7',
28 silly addNameRange     '1.1.8-beta1',
28 silly addNameRange     '1.1.8-beta2',
28 silly addNameRange     '1.1.8-beta3',
28 silly addNameRange     '1.1.8-beta4',
28 silly addNameRange     '1.1.8-beta5',
28 silly addNameRange     '1.1.8',
28 silly addNameRange     '1.1.9-beta1',
28 silly addNameRange     '1.1.9',
28 silly addNameRange     '1.1.10',
28 silly addNameRange     '1.1.11-beta1',
28 silly addNameRange     '1.1.11-beta2',
28 silly addNameRange     '1.1.11',
28 silly addNameRange     '1.1.12-beta1',
28 silly addNameRange     '1.1.12-beta2',
28 silly addNameRange     '1.1.12-beta3',
28 silly addNameRange     '1.1.12',
28 silly addNameRange     '1.1.13',
28 silly addNameRange     '1.1.14-beta1',
28 silly addNameRange     '1.1.14-beta2',
28 silly addNameRange     '1.1.14-beta3',
28 silly addNameRange     '1.2.0-beta1',
28 silly addNameRange     '1.2.0',
28 silly addNameRange     '1.2.1-beta1',
28 silly addNameRange     '1.2.1-beta2',
28 silly addNameRange     '1.2.1-beta3',
28 silly addNameRange     '1.2.1-beta4',
28 silly addNameRange     '1.2.1',
28 silly addNameRange     '1.2.2',
28 silly addNameRange     '1.2.3-beta1',
28 silly addNameRange     '1.2.3-beta2',
28 silly addNameRange     '1.2.3-beta3',
28 silly addNameRange     '1.2.3',
28 silly addNameRange     '1.2.4-beta1',
28 silly addNameRange     '1.2.4-beta2',
28 silly addNameRange     '1.2.4-beta3',
28 silly addNameRange     '1.2.4',
28 silly addNameRange     '1.2.5-beta1',
28 silly addNameRange     '1.2.5-beta2',
28 silly addNameRange     '1.2.5-beta3',
28 silly addNameRange     '1.2.5',
28 silly addNameRange     '1.2.6-beta1',
28 silly addNameRange     '1.2.6-beta2',
28 silly addNameRange     '1.2.6-beta3',
28 silly addNameRange     '1.2.6',
28 silly addNameRange     '1.2.7',
28 silly addNameRange     '1.2.8-beta1',
28 silly addNameRange     '1.2.8-beta2',
28 silly addNameRange     '1.2.8',
28 silly addNameRange     '1.2.9',
28 silly addNameRange     '1.2.10',
28 silly addNameRange     '1.2.11',
28 silly addNameRange     '1.2.12',
28 silly addNameRange     '1.2.13',
28 silly addNameRange     '1.2.14-beta1',
28 silly addNameRange     '1.2.14-beta2',
28 silly addNameRange     '1.2.14-beta3',
28 silly addNameRange     '1.2.14-beta4',
28 silly addNameRange     '1.2.14-beta5',
28 silly addNameRange     '1.2.14-beta6',
28 silly addNameRange     '1.2.14',
28 silly addNameRange     '1.3.0-beta1',
28 silly addNameRange     '1.3.0',
28 silly addNameRange     '1.3.1',
28 silly addNameRange     '1.3.2',
28 silly addNameRange     '1.3.3',
28 silly addNameRange     '1.3.4',
28 silly addNameRange     '1.3.5',
28 silly addNameRange     '1.3.6',
28 silly addNameRange     '1.3.7',
28 silly addNameRange     '1.3.8',
28 silly addNameRange     '1.3.9',
28 silly addNameRange     '1.3.10',
28 silly addNameRange     '1.4.0-alpha.1',
28 silly addNameRange     '1.3.11',
28 silly addNameRange     '1.3.1-1.alpha.0',
28 silly addNameRange     '1.4.0-alpha.2',
28 silly addNameRange     '1.3.12',
28 silly addNameRange     '1.3.12-beta.1',
28 silly addNameRange     '1.3.12-beta.2',
28 silly addNameRange     '1.3.13-beta.0',
28 silly addNameRange     '1.3.1-3.beta.1',
28 silly addNameRange     '1.3.1-3.beta.2',
28 silly addNameRange     '1.3.13',
28 silly addNameRange     '1.3.1-3.beta.4',
28 silly addNameRange     '1.3.14-beta',
28 silly addNameRange     '1.3.14-beta.1',
28 silly addNameRange     '1.4.0-alpha.3',
28 silly addNameRange     '1.3.14',
28 silly addNameRange     '1.4.0-alpha.4',
28 silly addNameRange     '1.4.0-alpha.5',
28 silly addNameRange     '1.3.15-beta.0',
28 silly addNameRange     '1.3.15-beta.1',
28 silly addNameRange     '1.3.15-beta.2',
28 silly addNameRange     '1.3.15-beta.3',
28 silly addNameRange     '1.3.15-beta.4',
28 silly addNameRange     '1.3.15',
28 silly addNameRange     '1.3.16',
28 silly addNameRange     '1.4.0-alpha.6',
28 silly addNameRange     '1.3.17-beta.0',
28 silly addNameRange     '1.3.17-beta.1',
28 silly addNameRange     '1.3.17-beta.2',
28 silly addNameRange     '1.3.17-beta.3',
28 silly addNameRange     '1.3.1-7.beta.4',
28 silly addNameRange     '1.3.17',
28 silly addNameRange     '1.3.18-beta.0',
28 silly addNameRange     '1.3.18-beta.1',
28 silly addNameRange     '1.3.18-beta.2',
28 silly addNameRange     '1.3.18-beta.3',
28 silly addNameRange     '1.3.18',
28 silly addNameRange     '1.3.19-beta.0',
28 silly addNameRange     '1.3.19-beta.1',
28 silly addNameRange     '1.3.19-beta.2',
28 silly addNameRange     '1.3.19-beta.3',
28 silly addNameRange     '1.3.19-beta.4',
28 silly addNameRange     '1.3.19',
28 silly addNameRange     '1.3.20',
28 silly addNameRange     '1.4.1-beta.0',
28 silly addNameRange     '1.4.0-beta.1',
28 silly addNameRange     '1.4.0-beta.2',
28 silly addNameRange     '1.4.0-beta.3',
28 silly addNameRange     '1.4.0-beta.5',
28 silly addNameRange     '1.4.0-beta.6',
28 silly addNameRange     '1.4.0-beta.7',
28 silly addNameRange     '1.3.21-beta.0',
28 silly addNameRange     '1.3.21-beta.1',
28 silly addNameRange     '1.3.21',
28 silly addNameRange     '1.3.22',
28 silly addNameRange     '1.4.0-beta.8',
28 silly addNameRange     '1.4.0-beta.9',
28 silly addNameRange     '1.4.0-beta.10',
28 silly addNameRange     '1.4.0-beta.11',
28 silly addNameRange     '1.4.0-beta.12',
28 silly addNameRange     '1.4.0-beta.13',
28 silly addNameRange     '1.4.0-beta.14',
28 silly addNameRange     '1.4.0-beta.15',
28 silly addNameRange     '1.4.0-beta.16',
28 silly addNameRange     '1.4.0-beta.17',
28 silly addNameRange     '1.4.0-beta.18',
28 silly addNameRange     '1.4.0',
28 silly addNameRange     '1.4.1',
28 silly addNameRange     '1.4.2',
28 silly addNameRange     '1.4.3',
28 silly addNameRange     '1.4.4-beta.0',
28 silly addNameRange     '1.4.4-beta.2',
28 silly addNameRange     '1.4.4',
28 silly addNameRange     '1.4.5-beta.0',
28 silly addNameRange     '1.4.5-beta.1',
28 silly addNameRange     '1.4.5-beta.2',
28 silly addNameRange     '1.4.5-beta.3',
28 silly addNameRange     '1.4.5',
28 silly addNameRange     '1.4.6-beta.0',
28 silly addNameRange     '1.4.6',
28 silly addNameRange     '1.4.7',
28 silly addNameRange     '1.4.8',
28 silly addNameRange     '1.5.0-beta.0',
28 silly addNameRange     '1.5.0-beta.1',
28 silly addNameRange     '1.5.0',
28 silly addNameRange     '1.5.1-beta.0',
28 silly addNameRange     '1.5.1-beta.1',
28 silly addNameRange     '1.5.1-beta.2',
28 silly addNameRange     '1.5.1-beta.3',
28 silly addNameRange     '1.5.1-beta.4',
28 silly addNameRange     '1.5.1',
28 silly addNameRange     '1.5.2',
28 silly addNameRange     '1.5.3',
28 silly addNameRange     '1.5.4',
28 silly addNameRange     '1.5.5',
28 silly addNameRange     '1.6.0-beta.1',
28 silly addNameRange     '1.6.0',
28 silly addNameRange     '1.6.1',
28 silly addNameRange     '1.6.2-beta.0',
28 silly addNameRange     '1.6.2-beta.1',
28 silly addNameRange     '1.6.2-beta.2',
28 silly addNameRange     '1.6.2',
28 silly addNameRange     '1.6.3-beta.0',
28 silly addNameRange     '1.6.3-beta.1',
28 silly addNameRange     '1.6.3',
28 silly addNameRange     '1.6.4-beta.0',
28 silly addNameRange     '1.6.4-beta.1',
28 silly addNameRange     '1.6.4',
28 silly addNameRange     '1.7.0-beta.0',
28 silly addNameRange     '1.7.0-beta.1',
28 silly addNameRange     '1.7.0-beta.2',
28 silly addNameRange     '1.7.0-beta.3',
28 silly addNameRange     '2.0.0-alpha.1',
28 silly addNameRange     '2.0.0-alpha.3',
28 silly addNameRange     '1.7.0-beta.4',
28 silly addNameRange     '1.6.5-testing.0',
28 silly addNameRange     '1.6.5-testing.1',
28 silly addNameRange     '1.6.5-testing.2',
28 silly addNameRange     '1.6.5-testing.3',
28 silly addNameRange     '1.6.5',
28 silly addNameRange     '2.0.0-alpha.4',
28 silly addNameRange     '1.7.0-beta.5',
28 silly addNameRange     '1.7.0-beta.6',
28 silly addNameRange     '1.7.0',
28 silly addNameRange     '2.0.0-alpha.5',
28 silly addNameRange     '2.0.0-alpha.6',
28 silly addNameRange     '1.7.1',
28 silly addNameRange     '2.0.0-alpha.7',
28 silly addNameRange     '2.0.0-alpha.8',
28 silly addNameRange     '1.7.2',
28 silly addNameRange     '1.7.3',
28 silly addNameRange     '1.7.4',
28 silly addNameRange     '1.7.5',
28 silly addNameRange     '1.7.6',
28 silly addNameRange     '1.7.7-beta.0',
28 silly addNameRange     '2.0.0-alpha.9',
28 silly addNameRange     '1.7.7',
28 silly addNameRange     '2.0.0-alpha.10',
28 silly addNameRange     '2.0.0-alpha.11',
28 silly addNameRange     '2.0.0-alpha.12',
28 silly addNameRange     '2.0.0-alpha.13',
28 silly addNameRange     '2.0.0-alpha.14',
28 silly addNameRange     '2.0.0-alpha.15',
28 silly addNameRange     '2.0.0-alpha.16',
28 silly addNameRange     '2.0.0-alpha.17',
28 silly addNameRange     '2.0.0-alpha.18',
28 silly addNameRange     '1.7.8-beta.0',
28 silly addNameRange     '1.7.8-beta.1',
28 silly addNameRange     '1.7.8-beta.2',
28 silly addNameRange     '1.7.8-beta.3',
28 silly addNameRange     '1.7.8',
28 silly addNameRange     '2.0.0-alpha.19',
28 silly addNameRange     '2.0.0-alpha.20',
28 silly addNameRange     '2.0.0-alpha.21',
28 silly addNameRange     '2.0.0-alpha.22',
28 silly addNameRange     '2.0.0-alpha.23',
28 silly addNameRange     '1.7.9',
28 silly addNameRange     '1.7.10',
28 silly addNameRange     '2.0.0-alpha.24',
28 silly addNameRange     '2.0.0-alpha.25',
28 silly addNameRange     '2.0.0-beta.1',
28 silly addNameRange     '1.7.11',
28 silly addNameRange     '2.0.0-beta.2',
28 silly addNameRange     '2.0.0-beta.3',
28 silly addNameRange     '2.0.0-beta.4',
28 silly addNameRange     '2.0.0-beta.5',
28 silly addNameRange     '2.0.0-beta.6',
28 silly addNameRange     '2.0.0-beta.7',
28 silly addNameRange     '2.0.0-beta.8',
28 silly addNameRange     '2.0.0-beta.9',
28 silly addNameRange     '2.0.0-beta.10',
28 silly addNameRange     '2.0.0-beta.11',
28 silly addNameRange     '1.7.12',
28 silly addNameRange     '2.0.0-beta.12',
28 silly addNameRange     '2.0.0-beta.13',
28 silly addNameRange     '2.0.0-beta.14',
28 silly addNameRange     '2.0.0-beta.15',
28 silly addNameRange     '2.0.0-beta.16',
28 silly addNameRange     '2.0.0-beta.17',
28 silly addNameRange     '1.7.13',
28 silly addNameRange     '1.7.14' ] ]
29 silly addNamed ionic@1.7.14
30 verbose addNamed "1.7.14" is a plain semver version for ionic
31 verbose stack Error: Failed to parse json
31 verbose stack No data, empty input at 1:1
31 verbose stack
31 verbose stack ^
31 verbose stack     at parseError (/usr/local/lib/node_modules/npm/node_modules/read-package-json/read-json.js:379:11)
31 verbose stack     at parseJson (/usr/local/lib/node_modules/npm/node_modules/read-package-json/read-json.js:68:23)
31 verbose stack     at /usr/local/lib/node_modules/npm/node_modules/read-package-json/read-json.js:48:5
31 verbose stack     at evalmachine.<anonymous>:334:14
31 verbose stack     at /usr/local/lib/node_modules/npm/node_modules/graceful-fs/graceful-fs.js:102:5
31 verbose stack     at FSReqWrap.oncomplete (evalmachine.<anonymous>:95:15)
32 verbose cwd /home/augustin/ZZcloud
33 error Linux 3.16.0-30-generic
34 error argv "/usr/local/bin/node" "/usr/local/bin/npm" "install" "-g" "ionic"
35 error node v0.12.7
36 error npm  v2.11.3
37 error file /home/augustin/.npm/ionic/1.7.14/package/package.json
38 error code EJSONPARSE
39 error Failed to parse json
39 error No data, empty input at 1:1
39 error
39 error ^
40 error File: /home/augustin/.npm/ionic/1.7.14/package/package.json
41 error Failed to parse package.json data.
41 error package.json must be actual JSON, not just JavaScript.
41 error
41 error This is not a bug in npm.
41 error Tell the package author to fix their package.json file. JSON.parse
42 verbose exit [ 1, true ]
